{"/Users/inyonghong/Documents/study_vue/vue-jest/src/App.vue": {"path":"/Users/inyonghong/Documents/study_vue/vue-jest/src/App.vue","statementMap":{"0":{"start":{"line":9,"column":0},"end":{"line":9,"column":null}}},"fnMap":{},"branchMap":{},"s":{"0":0},"f":{},"b":{}}
,"/Users/inyonghong/Documents/study_vue/vue-jest/src/main.js": {"path":"/Users/inyonghong/Documents/study_vue/vue-jest/src/main.js","statementMap":{"0":{"start":{"line":4,"column":0},"end":{"line":4,"column":32}},"1":{"start":{"line":6,"column":0},"end":{"line":8,"column":17}},"2":{"start":{"line":7,"column":15},"end":{"line":7,"column":21}}},"fnMap":{"0":{"name":"(anonymous_0)","decl":{"start":{"line":7,"column":10},"end":{"line":7,"column":11}},"loc":{"start":{"line":7,"column":15},"end":{"line":7,"column":21}},"line":7}},"branchMap":{},"s":{"0":0,"1":0,"2":0},"f":{"0":0},"b":{},"hash":"5f3a59b36a17ef4f64b439c3cd3eb4617fa3546b"}
,"/Users/inyonghong/Documents/study_vue/vue-jest/src/components/HelloWorld.vue": {"path":"/Users/inyonghong/Documents/study_vue/vue-jest/src/components/HelloWorld.vue","statementMap":{"0":{"start":{"line":17,"column":0},"end":{"line":17,"column":null}}},"fnMap":{"0":{"name":"(anonymous_1)","decl":{"start":{"line":16,"column":0},"end":{"line":16,"column":null}},"loc":{"start":{"line":16,"column":0},"end":{"line":18,"column":null}}}},"branchMap":{},"s":{"0":1},"f":{"0":1},"b":{}}
}
